<?xml version="1.0" encoding="UTF-8"?>
<!-- Generated by org.testng.reporters.JUnitReportReporter -->
<testsuite skipped="0" hostname="user-PC" name="FbTest.FbTest1" tests="1" failures="0" timestamp="01 Oct 2017 12:40:48 GMT" time="17.531" errors="0">
  <testcase name="main" time="17.531" classname="FbTest.FbTest1"/>
</testsuite> <!-- FbTest.FbTest1 -->
