<?xml version="1.0" encoding="UTF-8"?>
<!-- Generated by org.testng.reporters.JUnitReportReporter -->
<testsuite skipped="0" hostname="user-PC" name="FbTest.FbTest1" tests="1" failures="0" timestamp="01 Oct 2017 14:10:32 GMT" time="19.067" errors="0">
  <testcase name="main" time="19.067" classname="FbTest.FbTest1"/>
</testsuite> <!-- FbTest.FbTest1 -->
